<?xml version="1.0" encoding="UTF-8"?>
<!-- Generated by org.testng.reporters.JUnitXMLReporter -->
<testsuite ignored="0" hostname="L-156196402" failures="1" tests="1" name="Admin Tests" time="11.684" errors="0" timestamp="2020-09-06T07:04:43 IST">
  <testcase classname="testCases.LoginTest" name="getGoolesSearchTitle" time="0.155">
    <failure type="java.lang.NullPointerException">
      <![CDATA[java.lang.NullPointerException
at com.QA.TestUtils.EventHandler.beforeFindBy(EventHandler.java:73)
at org.openqa.selenium.support.events.EventFiringWebDriver.lambda$new$0(EventFiringWebDriver.java:84)
at com.sun.proxy.$Proxy8.beforeFindBy(Unknown Source)
at org.openqa.selenium.support.events.EventFiringWebDriver.findElement(EventFiringWebDriver.java:193)
at testCases.LoginTest.getGoolesSearchTitle(LoginTest.java:31)
at java.base/java.util.ArrayList.forEach(ArrayList.java:1540)
... Removed 31 stack frames]]>
    </failure>
  </testcase> <!-- getGoolesSearchTitle -->
</testsuite> <!-- Admin Tests -->
